# JRE version: OpenJDK Runtime Environment Temurin-21.0.3+9 (21.0.3+9) (build 21.0.3+9-LTS)
# Java VM: OpenJDK 64-Bit Server VM Temurin-21.0.3+9 (21.0.3+9-LTS, mixed mode, tiered, compressed oops, compressed class ptrs, g1 gc, windows-amd64)
GC Precious Log:
 CardTable entry size: 512
 Card Set container configuration: InlinePtr #cards 5 size 8 Array Of Cards #cards 12 size 40 Howl #buckets 4 coarsen threshold 1843 Howl Bitmap #cards 512 size 80 coarsen threshold 460 Card regions per heap region 1 cards per card region 2048
 CPUs: 8 total, 8 available
 Memory: 7418M
 Large Page Support: Disabled
 NUMA Support: Disabled
 Compressed Oops: Enabled (32-bit)
 Heap Region Size: 1M
 Heap Min Capacity: 8M
 Heap Initial Capacity: 116M
 Heap Max Capacity: 1856M
 Pre-touch: Disabled
 Parallel Workers: 8
 Concurrent Workers: 2
 Concurrent Refinement Workers: 8
 Periodic GC: Disabled
Heap:
 garbage-first heap   total 45056K, used 20755K [0x000000008c000000, 0x0000000100000000)
  region size 1024K, 14 young (14336K), 3 survivors (3072K)
 Metaspace       used 21410K, committed 21696K, reserved 1114112K
  class space    used 2165K, committed 2304K, reserved 1048576K
GC Heap History (6 events):
Event: 1.877 GC heap before
{Heap before GC invocations=0 (full 0):
 garbage-first heap   total 118784K, used 22528K [0x000000008c000000, 0x0000000100000000)
  region size 1024K, 23 young (23552K), 0 survivors (0K)
 Metaspace       used 15967K, committed 16256K, reserved 1114112K
  class space    used 1526K, committed 1664K, reserved 1048576K
}
Event: 1.888 GC heap after
{Heap after GC invocations=1 (full 0):
 garbage-first heap   total 118784K, used 8576K [0x000000008c000000, 0x0000000100000000)
  region size 1024K, 3 young (3072K), 3 survivors (3072K)
 Metaspace       used 15967K, committed 16256K, reserved 1114112K
  class space    used 1526K, committed 1664K, reserved 1048576K
}
Event: 44.449 GC heap before
{Heap before GC invocations=1 (full 0):
 garbage-first heap   total 118784K, used 31104K [0x000000008c000000, 0x0000000100000000)
  region size 1024K, 26 young (26624K), 3 survivors (3072K)
 Metaspace       used 20732K, committed 21120K, reserved 1114112K
  class space    used 2129K, committed 2304K, reserved 1048576K
}
Event: 44.520 GC heap after
{Heap after GC invocations=2 (full 0):
 garbage-first heap   total 118784K, used 10166K [0x000000008c000000, 0x0000000100000000)
  region size 1024K, 2 young (2048K), 2 survivors (2048K)
 Metaspace       used 20732K, committed 21120K, reserved 1114112K
  class space    used 2129K, committed 2304K, reserved 1048576K
}
Event: 203.781 GC heap before
{Heap before GC invocations=2 (full 0):
 garbage-first heap   total 118784K, used 23478K [0x000000008c000000, 0x0000000100000000)
  region size 1024K, 16 young (16384K), 2 survivors (2048K)
 Metaspace       used 21201K, committed 21504K, reserved 1114112K
  class space    used 2157K, committed 2304K, reserved 1048576K
}
Event: 203.901 GC heap after
{Heap after GC invocations=3 (full 0):
 garbage-first heap   total 118784K, used 10515K [0x000000008c000000, 0x0000000100000000)
  region size 1024K, 3 young (3072K), 3 survivors (3072K)
 Metaspace       used 21201K, committed 21504K, reserved 1114112K
  class space    used 2157K, committed 2304K, reserved 1048576K
}

