<?xml version="1.0" encoding="UTF-8"?>
<!-- Generated by org.testng.reporters.JUnitXMLReporter -->
<testsuite ignored="1" hostname="LAPYPRINCE" failures="0" tests="2" name="Default test" time="20.985" errors="0" timestamp="2024-08-10T12:29:17 IST">
  <testcase classname="PersonalMilestone.DependsooSelf" name="test1" time="4.084"/>
  <testcase classname="PersonalMilestone.DependsooSelf" name="test3" time="2.697"/>
  <testcase classname="PersonalMilestone.DependsooSelf" name="test2" time="0.0">
    <ignored/>
  </testcase> <!-- test2 -->
</testsuite> <!-- Default test -->
