<?xml version="1.0" encoding="UTF-8"?>
<!-- Generated by org.testng.reporters.JUnitXMLReporter -->
<testsuite ignored="2" hostname="LAPYPRINCE" failures="0" tests="2" name="Test" time="29.874" errors="0" timestamp="2024-08-04T13:33:32 IST">
  <testcase classname="PersonalMilestone.GroupsSelf" name="test1" time="0.32"/>
  <testcase classname="PersonalMilestone.GroupsSelf" name="test4" time="0.387"/>
  <testcase classname="PersonalMilestone.GroupsSelf" name="test2" time="0.0">
    <ignored/>
  </testcase> <!-- test2 -->
  <testcase classname="PersonalMilestone.GroupsSelf" name="test3" time="0.0">
    <ignored/>
  </testcase> <!-- test3 -->
</testsuite> <!-- Test -->
