<?xml version="1.0" encoding="UTF-8"?>
<testng-results ignored="0" total="2" passed="2" failed="0" skipped="0">
  <reporter-output>
  </reporter-output>
  <suite started-at="2024-08-10T12:28:56 IST" name="Default suite" finished-at="2024-08-10T12:29:17 IST" duration-ms="20985">
    <groups>
    </groups>
    <test started-at="2024-08-10T12:28:56 IST" name="Default test" finished-at="2024-08-10T12:29:17 IST" duration-ms="20985">
      <class name="PersonalMilestone.DependsooSelf">
        <test-method is-config="true" signature="start()[pri:0, instance:PersonalMilestone.DependsooSelf@1a75e76a]" started-at="2024-08-10T12:28:56 IST" name="start" finished-at="2024-08-10T12:29:06 IST" duration-ms="9908" status="PASS">
          <reporter-output>
          </reporter-output>
        </test-method> <!-- start -->
        <test-method signature="test1()[pri:0, instance:PersonalMilestone.DependsooSelf@1a75e76a]" started-at="2024-08-10T12:29:06 IST" name="test1" finished-at="2024-08-10T12:29:10 IST" duration-ms="4084" status="PASS">
          <reporter-output>
          </reporter-output>
        </test-method> <!-- test1 -->
        <test-method signature="test3()[pri:0, instance:PersonalMilestone.DependsooSelf@1a75e76a]" started-at="2024-08-10T12:29:10 IST" name="test3" finished-at="2024-08-10T12:29:13 IST" depends-on-methods="PersonalMilestone.DependsooSelf.test1" duration-ms="2697" status="PASS">
          <reporter-output>
          </reporter-output>
        </test-method> <!-- test3 -->
        <test-method is-config="true" signature="fl()[pri:0, instance:PersonalMilestone.DependsooSelf@1a75e76a]" started-at="2024-08-10T12:29:13 IST" name="fl" finished-at="2024-08-10T12:29:17 IST" duration-ms="4050" status="PASS">
          <reporter-output>
          </reporter-output>
        </test-method> <!-- fl -->
      </class> <!-- PersonalMilestone.DependsooSelf -->
    </test> <!-- Default test -->
  </suite> <!-- Default suite -->
</testng-results>
